<?xml version="1.0" encoding="UTF-8"?>
<!-- Generated by org.testng.reporters.JUnitReportReporter -->
<testsuite hostname="US-PF2HMW22" failures="0" tests="1" name="runner.RunCukesTest" time="52.782" errors="0" timestamp="2023-03-22T11:41:19 COT" skipped="0">
  <testcase classname="runner.RunCukesTest" name="runScenario" time="52.782"/>
  <system-out/>
</testsuite> <!-- runner.RunCukesTest -->
