<?xml version="1.0" encoding="UTF-8"?>
<!-- Generated by org.testng.reporters.JUnitReportReporter -->
<testsuite hostname="US-PF2HMW22" failures="0" tests="2" name="runner.RunCukesTest" time="137.224" errors="0" timestamp="2023-03-22T09:31:29 COT" skipped="0">
  <testcase classname="runner.RunCukesTest" name="runScenario" time="67.352"/>
  <system-out/>
  <testcase classname="runner.RunCukesTest" name="runScenario" time="69.872"/>
  <system-out/>
</testsuite> <!-- runner.RunCukesTest -->
