<?xml version="1.0" encoding="UTF-8"?>
<!-- Generated by org.testng.reporters.JUnitReportReporter -->
<testsuite hostname="US-PF2HMW22" failures="0" tests="1" name="runner.RunCukesTest" time="49.890" errors="0" timestamp="2023-03-21T10:59:53 COT" skipped="0">
  <testcase classname="runner.RunCukesTest" name="runScenario" time="49.890"/>
  <system-out/>
</testsuite> <!-- runner.RunCukesTest -->
